<?xml version="1.0" encoding="UTF-8"?>
<testsuite name="com.algo.app.AppTestSpec" tests="1" skipped="0" failures="0" errors="0" timestamp="2021-06-03T06:21:01" hostname="sandeeps-MacBook-Pro.local" time="0.012">
  <properties/>
  <testcase name="test()" classname="com.algo.app.AppTestSpec" time="0.012"/>
  <system-out><![CDATA[bupp!!
]]></system-out>
  <system-err><![CDATA[]]></system-err>
</testsuite>
